[SYS] 2023/05/20 - 10:50:07 | One API v0.0.0 started 
[SYS] 2023/05/20 - 10:50:07 | SQL_DSN not set, using SQLite as database 
[SYS] 2023/05/20 - 10:50:07 | no user exists, create a root user for you: username is root, password is 123456 
[SYS] 2023/05/20 - 10:50:07 | REDIS_CONN_STRING not set, Redis is not enabled 
[GIN] 2023/05/20 - 10:50:12 | 200 |   12.859666ms |             ::1 | GET      "/"
[GIN] 2023/05/20 - 10:50:12 | 200 |   26.413125ms |             ::1 | GET      "/static/css/main.44582e8c.css"
[GIN] 2023/05/20 - 10:50:12 | 200 |    37.66425ms |             ::1 | GET      "/static/js/main.35f71d41.js"
[GIN] 2023/05/20 - 10:50:12 | 200 |     233.625µs |             ::1 | GET      "/logo.png"
[GIN] 2023/05/20 - 10:50:12 | 200 |    2.301584ms |             ::1 | GET      "/static/js/416.8b714abc.chunk.js"
[GIN] 2023/05/20 - 10:50:12 | 200 |     504.458µs |             ::1 | GET      "/api/status"
[GIN] 2023/05/20 - 10:50:12 | 200 |    3.158792ms |             ::1 | GET      "/static/media/icons.38c6d8bab26db77d8c80.woff2"
[GIN] 2023/05/20 - 10:50:12 | 200 |     295.667µs |             ::1 | GET      "/api/notice"
[GIN] 2023/05/20 - 10:50:12 | 200 |       86.75µs |             ::1 | GET      "/api/home_page_content"
[SYS] 2023/05/20 - 10:53:52 | One API v0.0.0 started 
[SYS] 2023/05/20 - 10:53:52 | SQL_DSN not set, using SQLite as database 
[SYS] 2023/05/20 - 10:53:52 | REDIS_CONN_STRING not set, Redis is not enabled 
[GIN] 2023/05/20 - 10:53:55 | 200 |    4.574625ms |             ::1 | GET      "/about"
[GIN] 2023/05/20 - 10:53:55 | 200 |   19.270708ms |             ::1 | GET      "/static/js/main.563ef435.js"
[GIN] 2023/05/20 - 10:53:55 | 200 |     152.334µs |             ::1 | GET      "/static/js/651.506a78d5.chunk.js"
[GIN] 2023/05/20 - 10:53:55 | 200 |    1.168292ms |             ::1 | GET      "/api/status"
[GIN] 2023/05/20 - 10:53:55 | 200 |     347.042µs |             ::1 | GET      "/api/about"
[SYS] 2023/05/20 - 10:57:07 | One API v0.0.0 started 
[SYS] 2023/05/20 - 10:57:07 | SQL_DSN not set, using SQLite as database 
[SYS] 2023/05/20 - 10:57:07 | REDIS_CONN_STRING not set, Redis is not enabled 
[GIN] 2023/05/20 - 10:57:10 | 200 |     5.57525ms |             ::1 | GET      "/login"
[GIN] 2023/05/20 - 10:57:10 | 200 |     437.416µs |             ::1 | GET      "/api/status"
[GIN] 2023/05/20 - 10:57:16 | 200 |    92.48725ms |             ::1 | POST     "/api/user/login"
[GIN] 2023/05/20 - 10:57:16 | 200 |     346.416µs |             ::1 | GET      "/api/notice"
[GIN] 2023/05/20 - 10:57:16 | 200 |     1.17375ms |             ::1 | GET      "/api/home_page_content"
[SYS] 2023/05/20 - 11:02:29 | One API v0.0.0 started 
[SYS] 2023/05/20 - 11:02:29 | SQL_DSN not set, using SQLite as database 
[SYS] 2023/05/20 - 11:02:29 | REDIS_CONN_STRING not set, Redis is not enabled 
[SYS] 2023/05/20 - 11:03:31 | One API v0.0.0 started 
[SYS] 2023/05/20 - 11:03:31 | SQL_DSN not set, using SQLite as database 
[SYS] 2023/05/20 - 11:03:31 | REDIS_CONN_STRING not set, Redis is not enabled 
[GIN] 2023/05/20 - 11:04:23 | 200 |   10.946667ms |             ::1 | GET      "/"
[GIN] 2023/05/20 - 11:04:23 | 200 |   17.728625ms |             ::1 | GET      "/static/js/main.cabf255c.js"
[GIN] 2023/05/20 - 11:04:23 | 200 |     587.542µs |             ::1 | GET      "/static/js/416.1d27c003.chunk.js"
[GIN] 2023/05/20 - 11:04:23 | 200 |     817.292µs |             ::1 | GET      "/api/status"
[GIN] 2023/05/20 - 11:04:23 | 200 |     844.167µs |             ::1 | GET      "/api/home_page_content"
[GIN] 2023/05/20 - 11:04:23 | 200 |    1.285375ms |             ::1 | GET      "/api/notice"
[GIN] 2023/05/20 - 11:04:30 | 401 |    1.201041ms |             ::1 | GET      "/api/channel/?p=0"
[GIN] 2023/05/20 - 11:04:30 | 200 |     317.333µs |             ::1 | GET      "/login?expired=true"
[GIN] 2023/05/20 - 11:04:30 | 200 |     394.875µs |             ::1 | GET      "/api/status"
[GIN] 2023/05/20 - 11:04:35 | 200 |  110.355417ms |             ::1 | POST     "/api/user/login"
[GIN] 2023/05/20 - 11:04:35 | 200 |     308.167µs |             ::1 | GET      "/api/notice"
[GIN] 2023/05/20 - 11:04:35 | 200 |    1.375292ms |             ::1 | GET      "/api/home_page_content"
[GIN] 2023/05/20 - 11:04:37 | 200 |    2.070208ms |             ::1 | GET      "/api/channel/?p=0"
[SYS] 2023/05/20 - 11:13:57 | One API v0.0.0 started 
[SYS] 2023/05/20 - 11:13:57 | SQL_DSN not set, using SQLite as database 
[SYS] 2023/05/20 - 11:13:57 | REDIS_CONN_STRING not set, Redis is not enabled 
[GIN] 2023/05/20 - 11:13:59 | 200 |    3.902791ms |             ::1 | GET      "/redemption"
[GIN] 2023/05/20 - 11:13:59 | 200 |   20.436084ms |             ::1 | GET      "/static/js/main.f1005143.js"
[GIN] 2023/05/20 - 11:13:59 | 401 |    1.785625ms |             ::1 | GET      "/api/redemption/?p=0"
[GIN] 2023/05/20 - 11:13:59 | 200 |    1.757167ms |             ::1 | GET      "/api/status"
[GIN] 2023/05/20 - 11:14:00 | 200 |     339.667µs |             ::1 | GET      "/api/status"
[GIN] 2023/05/20 - 11:14:03 | 200 |  102.874875ms |             ::1 | POST     "/api/user/login"
[GIN] 2023/05/20 - 11:14:03 | 200 |      68.916µs |             ::1 | GET      "/api/notice"
[GIN] 2023/05/20 - 11:14:03 | 200 |         259µs |             ::1 | GET      "/api/home_page_content"
[GIN] 2023/05/20 - 11:14:05 | 200 |     801.083µs |             ::1 | GET      "/api/token/?p=0"
[GIN] 2023/05/20 - 11:14:06 | 200 |    1.199667ms |             ::1 | GET      "/api/redemption/?p=0"
[GIN] 2023/05/20 - 11:14:07 | 200 |     579.958µs |             ::1 | GET      "/api/channel/?p=0"
[GIN] 2023/05/20 - 11:14:08 | 200 |      350.75µs |             ::1 | GET      "/channel"
[GIN] 2023/05/20 - 11:14:08 | 200 |     210.958µs |             ::1 | GET      "/api/status"
[GIN] 2023/05/20 - 11:14:08 | 200 |     358.209µs |             ::1 | GET      "/api/channel/?p=0"
[GIN] 2023/05/20 - 11:14:09 | 200 |     835.541µs |             ::1 | GET      "/api/token/?p=0"
[GIN] 2023/05/20 - 11:14:13 | 200 |    1.744458ms |             ::1 | GET      "/api/redemption/?p=0"
[GIN] 2023/05/20 - 11:14:14 | 200 |      596.75µs |             ::1 | GET      "/api/token/?p=0"
[GIN] 2023/05/20 - 11:14:15 | 200 |    1.115042ms |             ::1 | GET      "/api/user/self"
[GIN] 2023/05/20 - 11:15:25 | 200 |    8.254125ms |             ::1 | GET      "/api/redemption/?p=0"
[SYS] 2023/05/20 - 11:22:16 | One API v0.0.0 started 
[SYS] 2023/05/20 - 11:22:16 | SQL_DSN not set, using SQLite as database 
[SYS] 2023/05/20 - 11:22:16 | REDIS_CONN_STRING not set, Redis is not enabled 
[GIN] 2023/05/20 - 11:22:28 | 200 |     2.60625ms |             ::1 | GET      "/redemption"
[GIN] 2023/05/20 - 11:22:28 | 200 |   29.388167ms |             ::1 | GET      "/static/js/main.db5a4b5f.js"
[GIN] 2023/05/20 - 11:22:28 | 401 |     292.208µs |             ::1 | GET      "/api/redemption/?p=0"
[GIN] 2023/05/20 - 11:22:28 | 200 |    1.564792ms |             ::1 | GET      "/api/status"
[GIN] 2023/05/20 - 11:22:28 | 200 |     331.083µs |             ::1 | GET      "/api/status"
[GIN] 2023/05/20 - 11:22:32 | 200 |  102.481375ms |             ::1 | POST     "/api/user/login"
[GIN] 2023/05/20 - 11:22:32 | 200 |       59.25µs |             ::1 | GET      "/api/home_page_content"
[GIN] 2023/05/20 - 11:22:32 | 200 |     343.042µs |             ::1 | GET      "/api/notice"
[GIN] 2023/05/20 - 11:22:36 | 200 |    1.732458ms |             ::1 | GET      "/api/option/"
[GIN] 2023/05/20 - 11:22:37 | 200 |     2.01025ms |             ::1 | GET      "/api/option/"
[GIN] 2023/05/20 - 11:22:50 | 200 |    4.890791ms |             ::1 | GET      "/api/channel/?p=0"
[GIN] 2023/05/20 - 11:22:51 | 200 |    1.106041ms |             ::1 | GET      "/api/token/?p=0"
[GIN] 2023/05/20 - 11:22:52 | 200 |    2.122375ms |             ::1 | GET      "/api/redemption/?p=0"
[GIN] 2023/05/20 - 11:22:52 | 200 |         528µs |             ::1 | GET      "/api/token/?p=0"
[GIN] 2023/05/20 - 11:22:53 | 200 |    1.728416ms |             ::1 | GET      "/token"
[GIN] 2023/05/20 - 11:22:54 | 200 |     155.584µs |             ::1 | GET      "/api/status"
[GIN] 2023/05/20 - 11:22:54 | 200 |     367.541µs |             ::1 | GET      "/api/token/?p=0"
[GIN] 2023/05/20 - 11:22:55 | 200 |    1.617834ms |             ::1 | GET      "/api/redemption/?p=0"
[GIN] 2023/05/20 - 11:22:59 | 200 |       550.5µs |             ::1 | GET      "/redemption"
[GIN] 2023/05/20 - 11:22:59 | 200 |     687.542µs |             ::1 | GET      "/api/redemption/?p=0"
[GIN] 2023/05/20 - 11:22:59 | 200 |     208.959µs |             ::1 | GET      "/api/status"
[GIN] 2023/05/20 - 11:23:05 | 200 |    7.089083ms |             ::1 | GET      "/redemption"
[GIN] 2023/05/20 - 11:23:05 | 200 |     230.041µs |             ::1 | GET      "/api/status"
[GIN] 2023/05/20 - 11:23:05 | 200 |    5.105042ms |             ::1 | GET      "/api/redemption/?p=0"
[GIN] 2023/05/20 - 11:23:06 | 200 |     353.125µs |             ::1 | GET      "/redemption"
[GIN] 2023/05/20 - 11:23:06 | 200 |         498µs |             ::1 | GET      "/api/redemption/?p=0"
[GIN] 2023/05/20 - 11:23:06 | 200 |      509.75µs |             ::1 | GET      "/api/status"
[GIN] 2023/05/20 - 11:23:07 | 200 |     369.208µs |             ::1 | GET      "/redemption"
[GIN] 2023/05/20 - 11:23:07 | 200 |     699.208µs |             ::1 | GET      "/api/status"
[GIN] 2023/05/20 - 11:23:07 | 200 |    1.711833ms |             ::1 | GET      "/api/redemption/?p=0"
[GIN] 2023/05/20 - 11:23:12 | 200 |   23.809125ms |             ::1 | POST     "/api/redemption/"
[GIN] 2023/05/20 - 11:23:18 | 200 |   14.702917ms |             ::1 | GET      "/api/redemption/?p=0"
[GIN] 2023/05/20 - 11:23:21 | 200 |     5.68275ms |             ::1 | GET      "/api/user/self"
[GIN] 2023/05/20 - 11:23:27 | 200 |     505.375µs |             ::1 | GET      "/api/home_page_content"
[GIN] 2023/05/20 - 11:23:27 | 200 |      502.25µs |             ::1 | GET      "/api/notice"
[GIN] 2023/05/20 - 11:23:29 | 200 |    1.938708ms |             ::1 | GET      "/api/token/?p=0"
[GIN] 2023/05/20 - 11:30:43 | 200 |  201.933667ms |             ::1 | GET      "/api/redemption/?p=0"
[GIN] 2023/05/20 - 11:30:44 | 200 |    6.772667ms |             ::1 | GET      "/api/channel/?p=0"
[GIN] 2023/05/20 - 11:30:44 | 200 |      89.042µs |             ::1 | GET      "/api/notice"
[GIN] 2023/05/20 - 11:30:44 | 200 |     157.833µs |             ::1 | GET      "/api/home_page_content"
[GIN] 2023/05/20 - 11:30:47 | 200 |    3.390667ms |             ::1 | GET      "/api/option/"
[GIN] 2023/05/20 - 11:30:55 | 200 |     581.708µs |             ::1 | GET      "/api/option/"
[GIN] 2023/05/20 - 11:30:59 | 200 |    1.142333ms |             ::1 | GET      "/setting"
[GIN] 2023/05/20 - 11:30:59 | 200 |     317.667µs |             ::1 | GET      "/api/status"
[GIN] 2023/05/20 - 11:31:04 | 200 |    1.150167ms |             ::1 | GET      "/api/option/"
[GIN] 2023/05/20 - 11:31:07 | 200 |       86.75µs |             ::1 | GET      "/api/about"
[GIN] 2023/05/20 - 11:31:09 | 200 |     283.708µs |             ::1 | GET      "/api/home_page_content"
[GIN] 2023/05/20 - 11:31:09 | 200 |     408.292µs |             ::1 | GET      "/api/notice"
[SYS] 2023/05/20 - 11:31:32 | One API v0.0.0 started 
[SYS] 2023/05/20 - 11:31:32 | SQL_DSN not set, using SQLite as database 
[SYS] 2023/05/20 - 11:31:32 | REDIS_CONN_STRING not set, Redis is not enabled 
[GIN] 2023/05/20 - 11:40:34 | 200 |   12.623208ms |             ::1 | GET      "/"
[GIN] 2023/05/20 - 11:40:34 | 200 |   26.049708ms |             ::1 | GET      "/static/js/main.eabb3f33.js"
[GIN] 2023/05/20 - 11:40:34 | 200 |      2.1255ms |             ::1 | GET      "/api/status"
[GIN] 2023/05/20 - 11:40:34 | 200 |      88.875µs |             ::1 | GET      "/api/notice"
[GIN] 2023/05/20 - 11:40:34 | 200 |       247.5µs |             ::1 | GET      "/api/home_page_content"
[GIN] 2023/05/20 - 11:40:36 | 401 |    3.135833ms |             ::1 | GET      "/api/user/?p=0"
[GIN] 2023/05/20 - 11:40:37 | 200 |     456.625µs |             ::1 | GET      "/api/status"
[GIN] 2023/05/20 - 11:40:49 | 200 |  107.857125ms |             ::1 | POST     "/api/user/register?turnstile="
[GIN] 2023/05/20 - 11:40:56 | 200 |  104.766542ms |             ::1 | POST     "/api/user/login"
[GIN] 2023/05/20 - 11:40:57 | 200 |      70.167µs |             ::1 | GET      "/api/notice"
[GIN] 2023/05/20 - 11:40:57 | 200 |      53.042µs |             ::1 | GET      "/api/home_page_content"
[GIN] 2023/05/20 - 11:40:58 | 200 |    3.044375ms |             ::1 | GET      "/api/token/?p=0"
[GIN] 2023/05/20 - 11:41:00 | 200 |      64.208µs |             ::1 | GET      "/api/home_page_content"
[GIN] 2023/05/20 - 11:41:00 | 200 |     383.917µs |             ::1 | GET      "/api/notice"
[GIN] 2023/05/20 - 11:41:00 | 200 |     908.375µs |             ::1 | GET      "/api/token/?p=0"
[GIN] 2023/05/20 - 11:41:01 | 200 |    1.000334ms |             ::1 | GET      "/token"
[GIN] 2023/05/20 - 11:41:01 | 200 |     301.833µs |             ::1 | GET      "/api/status"
[GIN] 2023/05/20 - 11:41:01 | 200 |     531.334µs |             ::1 | GET      "/api/token/?p=0"
[GIN] 2023/05/20 - 11:41:02 | 200 |    1.114709ms |             ::1 | GET      "/api/user/self"
[GIN] 2023/05/20 - 11:41:03 | 200 |    2.626583ms |             ::1 | GET      "/api/token/?p=0"
[GIN] 2023/05/20 - 11:41:03 | 200 |     322.417µs |             ::1 | GET      "/token"
[GIN] 2023/05/20 - 11:41:03 | 200 |     229.292µs |             ::1 | GET      "/api/status"
[GIN] 2023/05/20 - 11:41:03 | 200 |     556.541µs |             ::1 | GET      "/api/token/?p=0"
[GIN] 2023/05/20 - 11:41:04 | 200 |     430.208µs |             ::1 | GET      "/api/user/self"
[GIN] 2023/05/20 - 11:41:30 | 200 |   32.115333ms |             ::1 | GET      "/api/about"
[GIN] 2023/05/20 - 11:41:33 | 200 |     320.583µs |             ::1 | GET      "/api/about"
[GIN] 2023/05/20 - 11:41:38 | 200 |   24.351625ms |             ::1 | GET      "/api/user/self"
[GIN] 2023/05/20 - 11:41:39 | 200 |     674.667µs |             ::1 | GET      "/api/token/?p=0"
[SYS] 2023/05/20 - 11:42:42 | One API v0.0.0 started 
[SYS] 2023/05/20 - 11:42:42 | SQL_DSN not set, using SQLite as database 
[SYS] 2023/05/20 - 11:42:42 | REDIS_CONN_STRING not set, Redis is not enabled 
[GIN] 2023/05/20 - 11:43:42 | 200 |    5.192417ms |             ::1 | GET      "/api/about"
[GIN] 2023/05/20 - 11:43:45 | 200 |    2.559209ms |             ::1 | GET      "/api/user/logout"
[GIN] 2023/05/20 - 11:43:48 | 200 |  114.867958ms |             ::1 | POST     "/api/user/login"
[GIN] 2023/05/20 - 11:43:48 | 200 |     659.209µs |             ::1 | GET      "/api/notice"
[GIN] 2023/05/20 - 11:43:48 | 200 |     720.042µs |             ::1 | GET      "/api/home_page_content"
[GIN] 2023/05/20 - 11:43:50 | 200 |    4.758833ms |             ::1 | GET      "/api/token/?p=0"
[GIN] 2023/05/20 - 11:43:51 | 200 |     1.15525ms |             ::1 | GET      "/api/channel/?p=0"
[GIN] 2023/05/20 - 11:43:52 | 200 |     598.667µs |             ::1 | GET      "/api/notice"
[GIN] 2023/05/20 - 11:43:52 | 200 |      94.833µs |             ::1 | GET      "/api/home_page_content"
[GIN] 2023/05/20 - 11:43:54 | 200 |     566.042µs |             ::1 | GET      "/api/token/?p=0"
[GIN] 2023/05/20 - 11:43:56 | 200 |    6.009166ms |             ::1 | GET      "/api/redemption/?p=0"
[GIN] 2023/05/20 - 11:43:58 | 200 |    1.360416ms |             ::1 | GET      "/api/user/self"
[GIN] 2023/05/20 - 11:43:58 | 200 |     981.875µs |             ::1 | GET      "/api/user/?p=0"
[GIN] 2023/05/20 - 11:44:02 | 200 |      9.3375ms |             ::1 | POST     "/api/user/manage"
[GIN] 2023/05/20 - 11:44:03 | 200 |    3.222792ms |             ::1 | POST     "/api/user/manage"
[GIN] 2023/05/20 - 11:44:05 | 200 |    1.084292ms |             ::1 | GET      "/api/user/?p=0"
[GIN] 2023/05/20 - 11:44:07 | 200 |      749.25µs |             ::1 | GET      "/api/option/"
[GIN] 2023/05/20 - 11:44:09 | 200 |      593.25µs |             ::1 | GET      "/api/option/"
[SYS] 2023/05/20 - 11:48:39 | One API v0.0.0 started 
[SYS] 2023/05/20 - 11:48:39 | SQL_DSN not set, using SQLite as database 
[SYS] 2023/05/20 - 11:48:39 | REDIS_CONN_STRING not set, Redis is not enabled 
[GIN] 2023/05/20 - 11:48:48 | 200 |    1.689542ms |             ::1 | GET      "/api/home_page_content"
[GIN] 2023/05/20 - 11:48:48 | 200 |    1.726833ms |             ::1 | GET      "/api/notice"
[GIN] 2023/05/20 - 11:48:53 | 401 |     238.167µs |             ::1 | GET      "/api/channel/?p=0"
[GIN] 2023/05/20 - 11:48:53 | 200 |     493.708µs |             ::1 | GET      "/api/status"
[GIN] 2023/05/20 - 11:48:59 | 200 |   79.901166ms |             ::1 | POST     "/api/user/login"
[GIN] 2023/05/20 - 11:48:59 | 200 |      84.875µs |             ::1 | GET      "/api/notice"
[GIN] 2023/05/20 - 11:48:59 | 200 |       462.5µs |             ::1 | GET      "/api/home_page_content"
[GIN] 2023/05/20 - 11:49:00 | 200 |        4.78ms |             ::1 | GET      "/api/channel/?p=0"
[GIN] 2023/05/20 - 11:49:30 | 200 |    5.747209ms |             ::1 | GET      "/channel"
[GIN] 2023/05/20 - 11:49:30 | 200 |   27.551167ms |             ::1 | GET      "/static/js/main.58eb6be2.js"
[GIN] 2023/05/20 - 11:49:30 | 200 |     1.23575ms |             ::1 | GET      "/api/status"
[GIN] 2023/05/20 - 11:49:30 | 200 |    4.132417ms |             ::1 | GET      "/api/channel/?p=0"
[GIN] 2023/05/20 - 11:49:31 | 200 |     211.833µs |             ::1 | GET      "/channel"
[GIN] 2023/05/20 - 11:49:31 | 200 |    3.979709ms |             ::1 | GET      "/api/channel/?p=0"
[GIN] 2023/05/20 - 11:49:31 | 200 |    1.640167ms |             ::1 | GET      "/api/status"
[GIN] 2023/05/20 - 11:49:32 | 200 |     254.042µs |             ::1 | GET      "/channel"
[GIN] 2023/05/20 - 11:49:32 | 200 |   25.220916ms |             ::1 | GET      "/static/css/main.44582e8c.css"
[GIN] 2023/05/20 - 11:49:32 | 200 |     27.9145ms |             ::1 | GET      "/static/js/main.58eb6be2.js"
[GIN] 2023/05/20 - 11:49:32 | 200 |     693.583µs |             ::1 | GET      "/logo.png"
[GIN] 2023/05/20 - 11:49:32 | 200 |     224.959µs |             ::1 | GET      "/api/status"
[GIN] 2023/05/20 - 11:49:32 | 200 |      1.3275ms |             ::1 | GET      "/api/channel/?p=0"
[GIN] 2023/05/20 - 11:49:32 | 200 |    4.942209ms |             ::1 | GET      "/static/media/icons.38c6d8bab26db77d8c80.woff2"
[GIN] 2023/05/20 - 11:49:32 | 200 |      185.25µs |             ::1 | GET      "/logo.png"
[GIN] 2023/05/20 - 11:49:34 | 200 |    1.939833ms |             ::1 | GET      "/api/token/?p=0"
[GIN] 2023/05/20 - 11:49:35 | 200 |    2.873667ms |             ::1 | GET      "/api/redemption/?p=0"
[GIN] 2023/05/20 - 11:49:35 | 200 |    4.074708ms |             ::1 | GET      "/api/user/self"
[GIN] 2023/05/20 - 11:49:39 | 200 |    1.153291ms |             ::1 | GET      "/api/user/?p=0"
[GIN] 2023/05/20 - 11:49:42 | 200 |      835.75µs |             ::1 | GET      "/api/option/"
[GIN] 2023/05/20 - 11:49:57 | 200 |    1.550666ms |             ::1 | GET      "/api/user/self"
[GIN] 2023/05/20 - 11:49:57 | 200 |    2.227125ms |             ::1 | GET      "/api/redemption/?p=0"
[GIN] 2023/05/20 - 11:54:08 | 200 |    4.533875ms |             ::1 | GET      "/redemption"
[GIN] 2023/05/20 - 11:54:08 | 200 |    1.592542ms |             ::1 | GET      "/api/status"
[GIN] 2023/05/20 - 11:54:08 | 200 |   40.118583ms |             ::1 | GET      "/api/redemption/?p=0"
[GIN] 2023/05/20 - 11:54:09 | 200 |      86.708µs |             ::1 | GET      "/api/home_page_content"
[GIN] 2023/05/20 - 11:54:09 | 200 |      66.666µs |             ::1 | GET      "/api/notice"
[GIN] 2023/05/20 - 11:54:09 | 200 |      1.1075ms |             ::1 | GET      "/api/channel/?p=0"
[GIN] 2023/05/20 - 11:54:10 | 200 |     772.167µs |             ::1 | GET      "/api/token/?p=0"
[GIN] 2023/05/20 - 11:54:10 | 200 |         748µs |             ::1 | GET      "/api/redemption/?p=0"
[GIN] 2023/05/20 - 11:54:10 | 200 |    1.773459ms |             ::1 | GET      "/api/user/self"
[GIN] 2023/05/20 - 11:54:11 | 200 |     956.625µs |             ::1 | GET      "/api/user/?p=0"
[GIN] 2023/05/20 - 11:54:13 | 200 |     313.167µs |             ::1 | GET      "/api/about"
[GIN] 2023/05/20 - 11:54:39 | 200 |    2.360292ms |             ::1 | GET      "/api/channel/?p=0"
[GIN] 2023/05/20 - 11:54:41 | 200 |     476.542µs |             ::1 | GET      "/api/token/?p=0"
[GIN] 2023/05/20 - 11:54:43 | 200 |    1.035833ms |             ::1 | GET      "/api/redemption/?p=0"
[GIN] 2023/05/20 - 11:54:44 | 200 |    1.151625ms |             ::1 | GET      "/api/user/self"
[GIN] 2023/05/20 - 11:54:46 | 200 |     1.51825ms |             ::1 | GET      "/api/user/?p=0"
[GIN] 2023/05/20 - 11:54:50 | 200 |    1.077125ms |             ::1 | GET      "/api/option/"
[GIN] 2023/05/20 - 11:54:51 | 200 |     387.875µs |             ::1 | GET      "/api/option/"
[GIN] 2023/05/20 - 11:55:01 | 200 |   16.721208ms |             ::1 | PUT      "/api/option/"
[GIN] 2023/05/20 - 11:55:03 | 200 |    1.328625ms |             ::1 | PUT      "/api/option/"
[GIN] 2023/05/20 - 11:55:06 | 200 |    3.265042ms |             ::1 | PUT      "/api/option/"
[GIN] 2023/05/20 - 11:55:10 | 200 |    2.295333ms |             ::1 | PUT      "/api/option/"
[GIN] 2023/05/20 - 11:55:15 | 200 |     811.917µs |             ::1 | GET      "/api/notice"
[GIN] 2023/05/20 - 11:55:15 | 200 |     740.583µs |             ::1 | GET      "/api/home_page_content"
[GIN] 2023/05/20 - 11:55:18 | 200 |       2.017ms |             ::1 | GET      "/"
[GIN] 2023/05/20 - 11:55:18 | 200 |     394.542µs |             ::1 | GET      "/api/status"
[GIN] 2023/05/20 - 11:55:18 | 200 |     119.958µs |             ::1 | GET      "/api/home_page_content"
[GIN] 2023/05/20 - 11:55:18 | 200 |     215.583µs |             ::1 | GET      "/api/notice"
[GIN] 2023/05/20 - 11:55:19 | 200 |    1.454833ms |             ::1 | GET      "/api/channel/?p=0"
[GIN] 2023/05/20 - 11:55:20 | 200 |     191.958µs |             ::1 | GET      "/api/notice"
[GIN] 2023/05/20 - 11:55:20 | 200 |     133.167µs |             ::1 | GET      "/api/home_page_content"
[GIN] 2023/05/20 - 11:55:22 | 200 |     226.083µs |             ::1 | GET      "/api/about"
[GIN] 2023/05/20 - 11:55:23 | 200 |    1.497625ms |             ::1 | GET      "/api/option/"
[GIN] 2023/05/20 - 11:55:32 | 200 |    2.831792ms |             ::1 | GET      "/api/token/?p=0"
[GIN] 2023/05/20 - 11:55:32 | 200 |     713.542µs |             ::1 | GET      "/api/channel/?p=0"
[GIN] 2023/05/20 - 11:55:34 | 200 |      88.375µs |             ::1 | GET      "/api/about"
[GIN] 2023/05/20 - 11:55:47 | 200 |     814.583µs |             ::1 | GET      "/api/option/"
[GIN] 2023/05/20 - 11:55:49 | 200 |    7.444959ms |             ::1 | GET      "/setting"
[GIN] 2023/05/20 - 11:55:49 | 200 |     254.417µs |             ::1 | GET      "/api/status"
[GIN] 2023/05/20 - 11:55:50 | 200 |     448.625µs |             ::1 | GET      "/api/option/"
[GIN] 2023/05/20 - 11:55:58 | 200 |     270.292µs |             ::1 | GET      "/api/about"
